Cell      #Total Tweets    #Overall Sentiment Score
 A1          2752                  +750
 A2          4904                 +4141
 A3          5824                 +2677
 A4           381                   +53
 B1         21232                +11586
 B2        107386                +32128
 B3         34494                +20198
 B4          6643                 +5743
 C1         10643                 +7669
 C2        246925               +192158
 C3         69901                +41442
 C4         26097                +19560
 C5          5581                 +2662
 D3         16318                 +7946
 D4         16666                 +9568
 D5          4705                 +3762

real	1m23.540s
user	0m0.011s
sys	0m0.018s
